{"/Users/lenka/Documents/Web/Web-technologies/src/App.tsx": {"path":"/Users/lenka/Documents/Web/Web-technologies/src/App.tsx","statementMap":{"0":{"start":{"line":12,"column":22},"end":{"line":17,"column":3}},"1":{"start":{"line":18,"column":2},"end":{"line":26,"column":4}}},"fnMap":{"0":{"name":"App","decl":{"start":{"line":11,"column":24},"end":{"line":11,"column":27}},"loc":{"start":{"line":11,"column":30},"end":{"line":27,"column":1}},"line":11}},"branchMap":{},"s":{"0":1,"1":1},"f":{"0":1},"b":{},"_coverageSchema":"1a1c01bbd47fc00a2c39e90264f33305004495a9","hash":"121f345cf39999fce67cfcb5deabfbfd9c26809f"}
,"/Users/lenka/Documents/Web/Web-technologies/src/components/auth/Login.tsx": {"path":"/Users/lenka/Documents/Web/Web-technologies/src/components/auth/Login.tsx","statementMap":{"0":{"start":{"line":8,"column":19},"end":{"line":8,"column":43}},"1":{"start":{"line":10,"column":21},"end":{"line":90,"column":1}},"2":{"start":{"line":11,"column":36},"end":{"line":11,"column":48}},"3":{"start":{"line":12,"column":36},"end":{"line":12,"column":48}},"4":{"start":{"line":14,"column":21},"end":{"line":14,"column":34}},"5":{"start":{"line":16,"column":25},"end":{"line":40,"column":7}},"6":{"start":{"line":17,"column":8},"end":{"line":17,"column":31}},"7":{"start":{"line":19,"column":8},"end":{"line":39,"column":9}},"8":{"start":{"line":20,"column":29},"end":{"line":28,"column":15}},"9":{"start":{"line":29,"column":12},"end":{"line":29,"column":33}},"10":{"start":{"line":30,"column":12},"end":{"line":36,"column":13}},"11":{"start":{"line":31,"column":14},"end":{"line":31,"column":65}},"12":{"start":{"line":34,"column":16},"end":{"line":34,"column":80}},"13":{"start":{"line":35,"column":16},"end":{"line":35,"column":33}},"14":{"start":{"line":38,"column":14},"end":{"line":38,"column":34}},"15":{"start":{"line":43,"column":4},"end":{"line":89,"column":6}},"16":{"start":{"line":60,"column":49},"end":{"line":60,"column":80}},"17":{"start":{"line":71,"column":49},"end":{"line":71,"column":80}}},"fnMap":{"0":{"name":"(anonymous_0)","decl":{"start":{"line":10,"column":21},"end":{"line":10,"column":22}},"loc":{"start":{"line":10,"column":27},"end":{"line":90,"column":1}},"line":10},"1":{"name":"(anonymous_1)","decl":{"start":{"line":16,"column":25},"end":{"line":16,"column":26}},"loc":{"start":{"line":16,"column":76},"end":{"line":40,"column":7}},"line":16},"2":{"name":"(anonymous_2)","decl":{"start":{"line":60,"column":38},"end":{"line":60,"column":39}},"loc":{"start":{"line":60,"column":49},"end":{"line":60,"column":80}},"line":60},"3":{"name":"(anonymous_3)","decl":{"start":{"line":71,"column":38},"end":{"line":71,"column":39}},"loc":{"start":{"line":71,"column":49},"end":{"line":71,"column":80}},"line":71}},"branchMap":{"0":{"loc":{"start":{"line":30,"column":12},"end":{"line":36,"column":13}},"type":"if","locations":[{"start":{"line":30,"column":12},"end":{"line":36,"column":13}},{"start":{"line":33,"column":16},"end":{"line":36,"column":13}}],"line":30}},"s":{"0":2,"1":2,"2":7,"3":7,"4":7,"5":7,"6":3,"7":3,"8":3,"9":2,"10":2,"11":0,"12":1,"13":0,"14":3,"15":7,"16":2,"17":2},"f":{"0":7,"1":3,"2":2,"3":2},"b":{"0":[0,1]},"_coverageSchema":"1a1c01bbd47fc00a2c39e90264f33305004495a9","hash":"7214175e60db4dce538001c8e17fdffbd6f78e9d"}
,"/Users/lenka/Documents/Web/Web-technologies/src/components/auth/Signup.tsx": {"path":"/Users/lenka/Documents/Web/Web-technologies/src/components/auth/Signup.tsx","statementMap":{"0":{"start":{"line":9,"column":21},"end":{"line":9,"column":45}},"1":{"start":{"line":12,"column":34},"end":{"line":12,"column":46}},"2":{"start":{"line":13,"column":28},"end":{"line":13,"column":40}},"3":{"start":{"line":14,"column":26},"end":{"line":14,"column":38}},"4":{"start":{"line":15,"column":32},"end":{"line":15,"column":44}},"5":{"start":{"line":16,"column":28},"end":{"line":16,"column":40}},"6":{"start":{"line":17,"column":44},"end":{"line":17,"column":56}},"7":{"start":{"line":18,"column":34},"end":{"line":18,"column":46}},"8":{"start":{"line":20,"column":19},"end":{"line":20,"column":32}},"9":{"start":{"line":22,"column":23},"end":{"line":46,"column":3}},"10":{"start":{"line":23,"column":4},"end":{"line":23,"column":27}},"11":{"start":{"line":25,"column":4},"end":{"line":44,"column":3}},"12":{"start":{"line":26,"column":23},"end":{"line":34,"column":15}},"13":{"start":{"line":35,"column":6},"end":{"line":41,"column":7}},"14":{"start":{"line":36,"column":8},"end":{"line":36,"column":34}},"15":{"start":{"line":39,"column":8},"end":{"line":39,"column":42}},"16":{"start":{"line":40,"column":8},"end":{"line":40,"column":26}},"17":{"start":{"line":43,"column":8},"end":{"line":43,"column":28}},"18":{"start":{"line":48,"column":4},"end":{"line":142,"column":6}},"19":{"start":{"line":64,"column":41},"end":{"line":64,"column":69}},"20":{"start":{"line":74,"column":41},"end":{"line":74,"column":72}},"21":{"start":{"line":84,"column":41},"end":{"line":84,"column":68}},"22":{"start":{"line":94,"column":41},"end":{"line":94,"column":71}},"23":{"start":{"line":104,"column":41},"end":{"line":104,"column":69}},"24":{"start":{"line":114,"column":41},"end":{"line":114,"column":77}},"25":{"start":{"line":124,"column":41},"end":{"line":124,"column":72}}},"fnMap":{"0":{"name":"SignUp","decl":{"start":{"line":8,"column":16},"end":{"line":8,"column":22}},"loc":{"start":{"line":8,"column":24},"end":{"line":143,"column":1}},"line":8},"1":{"name":"(anonymous_1)","decl":{"start":{"line":22,"column":23},"end":{"line":22,"column":24}},"loc":{"start":{"line":22,"column":74},"end":{"line":46,"column":3}},"line":22},"2":{"name":"(anonymous_2)","decl":{"start":{"line":64,"column":30},"end":{"line":64,"column":31}},"loc":{"start":{"line":64,"column":41},"end":{"line":64,"column":69}},"line":64},"3":{"name":"(anonymous_3)","decl":{"start":{"line":74,"column":30},"end":{"line":74,"column":31}},"loc":{"start":{"line":74,"column":41},"end":{"line":74,"column":72}},"line":74},"4":{"name":"(anonymous_4)","decl":{"start":{"line":84,"column":30},"end":{"line":84,"column":31}},"loc":{"start":{"line":84,"column":41},"end":{"line":84,"column":68}},"line":84},"5":{"name":"(anonymous_5)","decl":{"start":{"line":94,"column":30},"end":{"line":94,"column":31}},"loc":{"start":{"line":94,"column":41},"end":{"line":94,"column":71}},"line":94},"6":{"name":"(anonymous_6)","decl":{"start":{"line":104,"column":30},"end":{"line":104,"column":31}},"loc":{"start":{"line":104,"column":41},"end":{"line":104,"column":69}},"line":104},"7":{"name":"(anonymous_7)","decl":{"start":{"line":114,"column":30},"end":{"line":114,"column":31}},"loc":{"start":{"line":114,"column":41},"end":{"line":114,"column":77}},"line":114},"8":{"name":"(anonymous_8)","decl":{"start":{"line":124,"column":30},"end":{"line":124,"column":31}},"loc":{"start":{"line":124,"column":41},"end":{"line":124,"column":72}},"line":124}},"branchMap":{"0":{"loc":{"start":{"line":35,"column":6},"end":{"line":41,"column":7}},"type":"if","locations":[{"start":{"line":35,"column":6},"end":{"line":41,"column":7}},{"start":{"line":38,"column":10},"end":{"line":41,"column":7}}],"line":35}},"s":{"0":10,"1":10,"2":10,"3":10,"4":10,"5":10,"6":10,"7":10,"8":10,"9":10,"10":3,"11":3,"12":3,"13":3,"14":1,"15":1,"16":1,"17":1,"18":10,"19":1,"20":1,"21":1,"22":1,"23":1,"24":1,"25":1},"f":{"0":10,"1":3,"2":1,"3":1,"4":1,"5":1,"6":1,"7":1,"8":1},"b":{"0":[1,1]},"_coverageSchema":"1a1c01bbd47fc00a2c39e90264f33305004495a9","hash":"797440d9c305754047880e8faff2c57409a2ed58"}
,"/Users/lenka/Documents/Web/Web-technologies/src/components/main/CarInstance.tsx": {"path":"/Users/lenka/Documents/Web/Web-technologies/src/components/main/CarInstance.tsx","statementMap":{"0":{"start":{"line":20,"column":54},"end":{"line":30,"column":1}},"1":{"start":{"line":32,"column":20},"end":{"line":44,"column":1}},"2":{"start":{"line":33,"column":19},"end":{"line":33,"column":32}},"3":{"start":{"line":35,"column":2},"end":{"line":43,"column":4}},"4":{"start":{"line":37,"column":19},"end":{"line":37,"column":57}}},"fnMap":{"0":{"name":"(anonymous_0)","decl":{"start":{"line":32,"column":20},"end":{"line":32,"column":21}},"loc":{"start":{"line":32,"column":37},"end":{"line":44,"column":1}},"line":32},"1":{"name":"(anonymous_1)","decl":{"start":{"line":37,"column":13},"end":{"line":37,"column":14}},"loc":{"start":{"line":37,"column":19},"end":{"line":37,"column":57}},"line":37}},"branchMap":{},"s":{"0":3,"1":3,"2":9,"3":9,"4":1},"f":{"0":9,"1":1},"b":{},"_coverageSchema":"1a1c01bbd47fc00a2c39e90264f33305004495a9","hash":"3411e785a7533721d09bbff90f373c3d5f449853"}
,"/Users/lenka/Documents/Web/Web-technologies/src/components/main/Cars.tsx": {"path":"/Users/lenka/Documents/Web/Web-technologies/src/components/main/Cars.tsx","statementMap":{"0":{"start":{"line":19,"column":20},"end":{"line":75,"column":1}},"1":{"start":{"line":20,"column":28},"end":{"line":20,"column":47}},"2":{"start":{"line":23,"column":4},"end":{"line":25,"column":11}},"3":{"start":{"line":24,"column":6},"end":{"line":24,"column":16}},"4":{"start":{"line":27,"column":20},"end":{"line":30,"column":7}},"5":{"start":{"line":28,"column":21},"end":{"line":28,"column":58}},"6":{"start":{"line":29,"column":8},"end":{"line":29,"column":22}},"7":{"start":{"line":32,"column":33},"end":{"line":36,"column":5}},"8":{"start":{"line":33,"column":21},"end":{"line":33,"column":68}},"9":{"start":{"line":34,"column":8},"end":{"line":34,"column":20}},"10":{"start":{"line":35,"column":8},"end":{"line":35,"column":22}},"11":{"start":{"line":38,"column":35},"end":{"line":42,"column":5}},"12":{"start":{"line":39,"column":21},"end":{"line":39,"column":70}},"13":{"start":{"line":40,"column":8},"end":{"line":40,"column":20}},"14":{"start":{"line":41,"column":8},"end":{"line":41,"column":22}},"15":{"start":{"line":44,"column":22},"end":{"line":46,"column":5}},"16":{"start":{"line":45,"column":8},"end":{"line":45,"column":20}},"17":{"start":{"line":48,"column":4},"end":{"line":74,"column":6}},"18":{"start":{"line":51,"column":74},"end":{"line":51,"column":96}},"19":{"start":{"line":54,"column":74},"end":{"line":54,"column":98}},"20":{"start":{"line":62,"column":24},"end":{"line":69,"column":26}}},"fnMap":{"0":{"name":"(anonymous_0)","decl":{"start":{"line":19,"column":20},"end":{"line":19,"column":21}},"loc":{"start":{"line":19,"column":26},"end":{"line":75,"column":1}},"line":19},"1":{"name":"(anonymous_1)","decl":{"start":{"line":23,"column":14},"end":{"line":23,"column":15}},"loc":{"start":{"line":23,"column":20},"end":{"line":25,"column":5}},"line":23},"2":{"name":"(anonymous_2)","decl":{"start":{"line":27,"column":20},"end":{"line":27,"column":21}},"loc":{"start":{"line":27,"column":32},"end":{"line":30,"column":7}},"line":27},"3":{"name":"(anonymous_3)","decl":{"start":{"line":32,"column":33},"end":{"line":32,"column":34}},"loc":{"start":{"line":32,"column":45},"end":{"line":36,"column":5}},"line":32},"4":{"name":"(anonymous_4)","decl":{"start":{"line":38,"column":35},"end":{"line":38,"column":36}},"loc":{"start":{"line":38,"column":47},"end":{"line":42,"column":5}},"line":38},"5":{"name":"(anonymous_5)","decl":{"start":{"line":44,"column":22},"end":{"line":44,"column":23}},"loc":{"start":{"line":44,"column":34},"end":{"line":46,"column":5}},"line":44},"6":{"name":"(anonymous_6)","decl":{"start":{"line":51,"column":68},"end":{"line":51,"column":69}},"loc":{"start":{"line":51,"column":74},"end":{"line":51,"column":96}},"line":51},"7":{"name":"(anonymous_7)","decl":{"start":{"line":54,"column":68},"end":{"line":54,"column":69}},"loc":{"start":{"line":54,"column":74},"end":{"line":54,"column":98}},"line":54},"8":{"name":"(anonymous_8)","decl":{"start":{"line":61,"column":30},"end":{"line":61,"column":31}},"loc":{"start":{"line":62,"column":24},"end":{"line":69,"column":26}},"line":62}},"branchMap":{},"s":{"0":3,"1":11,"2":10,"3":5,"4":10,"5":5,"6":5,"7":10,"8":1,"9":1,"10":1,"11":10,"12":1,"13":1,"14":1,"15":10,"16":2,"17":10,"18":1,"19":1,"20":7},"f":{"0":11,"1":5,"2":5,"3":1,"4":1,"5":2,"6":1,"7":1,"8":7},"b":{},"_coverageSchema":"1a1c01bbd47fc00a2c39e90264f33305004495a9","hash":"1d63abd001dcd231a38e6da10915a0dd79e45c37"}
,"/Users/lenka/Documents/Web/Web-technologies/src/components/user/EditUser.tsx": {"path":"/Users/lenka/Documents/Web/Web-technologies/src/components/user/EditUser.tsx","statementMap":{"0":{"start":{"line":8,"column":26},"end":{"line":178,"column":6}},"1":{"start":{"line":9,"column":21},"end":{"line":9,"column":34}},"2":{"start":{"line":10,"column":36},"end":{"line":10,"column":66}},"3":{"start":{"line":11,"column":28},"end":{"line":11,"column":54}},"4":{"start":{"line":12,"column":34},"end":{"line":12,"column":63}},"5":{"start":{"line":13,"column":30},"end":{"line":13,"column":57}},"6":{"start":{"line":14,"column":30},"end":{"line":14,"column":57}},"7":{"start":{"line":15,"column":46},"end":{"line":15,"column":81}},"8":{"start":{"line":18,"column":33},"end":{"line":20,"column":5}},"9":{"start":{"line":19,"column":6},"end":{"line":19,"column":38}},"10":{"start":{"line":22,"column":29},"end":{"line":24,"column":5}},"11":{"start":{"line":23,"column":6},"end":{"line":23,"column":34}},"12":{"start":{"line":26,"column":32},"end":{"line":28,"column":5}},"13":{"start":{"line":27,"column":6},"end":{"line":27,"column":37}},"14":{"start":{"line":30,"column":30},"end":{"line":32,"column":5}},"15":{"start":{"line":31,"column":6},"end":{"line":31,"column":35}},"16":{"start":{"line":34,"column":30},"end":{"line":36,"column":5}},"17":{"start":{"line":35,"column":6},"end":{"line":35,"column":35}},"18":{"start":{"line":38,"column":38},"end":{"line":40,"column":5}},"19":{"start":{"line":39,"column":6},"end":{"line":39,"column":43}},"20":{"start":{"line":44,"column":25},"end":{"line":70,"column":9}},"21":{"start":{"line":45,"column":8},"end":{"line":45,"column":27}},"22":{"start":{"line":47,"column":8},"end":{"line":50,"column":9}},"23":{"start":{"line":48,"column":12},"end":{"line":48,"column":64}},"24":{"start":{"line":49,"column":12},"end":{"line":49,"column":18}},"25":{"start":{"line":52,"column":8},"end":{"line":69,"column":9}},"26":{"start":{"line":53,"column":29},"end":{"line":60,"column":16}},"27":{"start":{"line":61,"column":12},"end":{"line":66,"column":13}},"28":{"start":{"line":62,"column":12},"end":{"line":62,"column":70}},"29":{"start":{"line":65,"column":16},"end":{"line":65,"column":33}},"30":{"start":{"line":68,"column":12},"end":{"line":68,"column":51}},"31":{"start":{"line":73,"column":4},"end":{"line":178,"column":5}}},"fnMap":{"0":{"name":"(anonymous_0)","decl":{"start":{"line":8,"column":26},"end":{"line":8,"column":27}},"loc":{"start":{"line":8,"column":42},"end":{"line":178,"column":6}},"line":8},"1":{"name":"(anonymous_1)","decl":{"start":{"line":18,"column":33},"end":{"line":18,"column":34}},"loc":{"start":{"line":18,"column":49},"end":{"line":20,"column":5}},"line":18},"2":{"name":"(anonymous_2)","decl":{"start":{"line":22,"column":29},"end":{"line":22,"column":30}},"loc":{"start":{"line":22,"column":45},"end":{"line":24,"column":5}},"line":22},"3":{"name":"(anonymous_3)","decl":{"start":{"line":26,"column":32},"end":{"line":26,"column":33}},"loc":{"start":{"line":26,"column":48},"end":{"line":28,"column":5}},"line":26},"4":{"name":"(anonymous_4)","decl":{"start":{"line":30,"column":30},"end":{"line":30,"column":31}},"loc":{"start":{"line":30,"column":46},"end":{"line":32,"column":5}},"line":30},"5":{"name":"(anonymous_5)","decl":{"start":{"line":34,"column":30},"end":{"line":34,"column":31}},"loc":{"start":{"line":34,"column":46},"end":{"line":36,"column":5}},"line":34},"6":{"name":"(anonymous_6)","decl":{"start":{"line":38,"column":38},"end":{"line":38,"column":39}},"loc":{"start":{"line":38,"column":54},"end":{"line":40,"column":5}},"line":38},"7":{"name":"(anonymous_7)","decl":{"start":{"line":44,"column":25},"end":{"line":44,"column":26}},"loc":{"start":{"line":44,"column":72},"end":{"line":70,"column":9}},"line":44}},"branchMap":{"0":{"loc":{"start":{"line":10,"column":45},"end":{"line":10,"column":65}},"type":"binary-expr","locations":[{"start":{"line":10,"column":45},"end":{"line":10,"column":59}},{"start":{"line":10,"column":63},"end":{"line":10,"column":65}}],"line":10},"1":{"loc":{"start":{"line":11,"column":37},"end":{"line":11,"column":53}},"type":"binary-expr","locations":[{"start":{"line":11,"column":37},"end":{"line":11,"column":47}},{"start":{"line":11,"column":51},"end":{"line":11,"column":53}}],"line":11},"2":{"loc":{"start":{"line":12,"column":43},"end":{"line":12,"column":62}},"type":"binary-expr","locations":[{"start":{"line":12,"column":43},"end":{"line":12,"column":56}},{"start":{"line":12,"column":60},"end":{"line":12,"column":62}}],"line":12},"3":{"loc":{"start":{"line":13,"column":39},"end":{"line":13,"column":56}},"type":"binary-expr","locations":[{"start":{"line":13,"column":39},"end":{"line":13,"column":50}},{"start":{"line":13,"column":54},"end":{"line":13,"column":56}}],"line":13},"4":{"loc":{"start":{"line":14,"column":39},"end":{"line":14,"column":56}},"type":"binary-expr","locations":[{"start":{"line":14,"column":39},"end":{"line":14,"column":50}},{"start":{"line":14,"column":54},"end":{"line":14,"column":56}}],"line":14},"5":{"loc":{"start":{"line":15,"column":55},"end":{"line":15,"column":80}},"type":"binary-expr","locations":[{"start":{"line":15,"column":55},"end":{"line":15,"column":74}},{"start":{"line":15,"column":78},"end":{"line":15,"column":80}}],"line":15},"6":{"loc":{"start":{"line":47,"column":8},"end":{"line":50,"column":9}},"type":"if","locations":[{"start":{"line":47,"column":8},"end":{"line":50,"column":9}},{"start":{},"end":{}}],"line":47},"7":{"loc":{"start":{"line":61,"column":12},"end":{"line":66,"column":13}},"type":"if","locations":[{"start":{"line":61,"column":12},"end":{"line":66,"column":13}},{"start":{"line":64,"column":16},"end":{"line":66,"column":13}}],"line":61}},"s":{"0":3,"1":16,"2":16,"3":16,"4":16,"5":16,"6":16,"7":16,"8":16,"9":1,"10":16,"11":1,"12":16,"13":1,"14":16,"15":1,"16":16,"17":2,"18":16,"19":1,"20":16,"21":3,"22":3,"23":1,"24":1,"25":2,"26":2,"27":1,"28":0,"29":1,"30":1,"31":16},"f":{"0":16,"1":1,"2":1,"3":1,"4":1,"5":2,"6":1,"7":3},"b":{"0":[16,0],"1":[16,0],"2":[16,0],"3":[16,0],"4":[16,0],"5":[16,0],"6":[1,2],"7":[0,1]},"_coverageSchema":"1a1c01bbd47fc00a2c39e90264f33305004495a9","hash":"95ccb1830c2afa3d3423c507084162a6807874b3"}
,"/Users/lenka/Documents/Web/Web-technologies/src/components/user/User.tsx": {"path":"/Users/lenka/Documents/Web/Web-technologies/src/components/user/User.tsx","statementMap":{"0":{"start":{"line":9,"column":13},"end":{"line":99,"column":1}},"1":{"start":{"line":10,"column":34},"end":{"line":10,"column":52}},"2":{"start":{"line":11,"column":37},"end":{"line":11,"column":55}},"3":{"start":{"line":12,"column":35},"end":{"line":12,"column":53}},"4":{"start":{"line":13,"column":28},"end":{"line":13,"column":46}},"5":{"start":{"line":14,"column":28},"end":{"line":14,"column":46}},"6":{"start":{"line":15,"column":44},"end":{"line":15,"column":62}},"7":{"start":{"line":18,"column":20},"end":{"line":28,"column":3}},"8":{"start":{"line":20,"column":17},"end":{"line":20,"column":64}},"9":{"start":{"line":21,"column":4},"end":{"line":21,"column":31}},"10":{"start":{"line":22,"column":4},"end":{"line":22,"column":34}},"11":{"start":{"line":23,"column":4},"end":{"line":23,"column":32}},"12":{"start":{"line":24,"column":4},"end":{"line":24,"column":25}},"13":{"start":{"line":25,"column":4},"end":{"line":25,"column":25}},"14":{"start":{"line":26,"column":4},"end":{"line":26,"column":41}},"15":{"start":{"line":27,"column":4},"end":{"line":27,"column":50}},"16":{"start":{"line":30,"column":19},"end":{"line":30,"column":32}},"17":{"start":{"line":32,"column":17},"end":{"line":35,"column":3}},"18":{"start":{"line":33,"column":6},"end":{"line":33,"column":39}},"19":{"start":{"line":34,"column":6},"end":{"line":34,"column":24}},"20":{"start":{"line":36,"column":21},"end":{"line":39,"column":5}},"21":{"start":{"line":37,"column":19},"end":{"line":37,"column":62}},"22":{"start":{"line":38,"column":6},"end":{"line":38,"column":25}},"23":{"start":{"line":41,"column":2},"end":{"line":43,"column":9}},"24":{"start":{"line":42,"column":4},"end":{"line":42,"column":16}},"25":{"start":{"line":45,"column":2},"end":{"line":98,"column":4}},"26":{"start":{"line":89,"column":27},"end":{"line":89,"column":97}},"27":{"start":{"line":93,"column":27},"end":{"line":93,"column":39}}},"fnMap":{"0":{"name":"(anonymous_0)","decl":{"start":{"line":9,"column":13},"end":{"line":9,"column":14}},"loc":{"start":{"line":9,"column":19},"end":{"line":99,"column":1}},"line":9},"1":{"name":"(anonymous_1)","decl":{"start":{"line":18,"column":20},"end":{"line":18,"column":21}},"loc":{"start":{"line":18,"column":32},"end":{"line":28,"column":3}},"line":18},"2":{"name":"(anonymous_2)","decl":{"start":{"line":32,"column":17},"end":{"line":32,"column":18}},"loc":{"start":{"line":32,"column":42},"end":{"line":35,"column":3}},"line":32},"3":{"name":"(anonymous_3)","decl":{"start":{"line":36,"column":21},"end":{"line":36,"column":22}},"loc":{"start":{"line":36,"column":33},"end":{"line":39,"column":5}},"line":36},"4":{"name":"(anonymous_4)","decl":{"start":{"line":41,"column":12},"end":{"line":41,"column":13}},"loc":{"start":{"line":41,"column":18},"end":{"line":43,"column":3}},"line":41},"5":{"name":"(anonymous_5)","decl":{"start":{"line":89,"column":21},"end":{"line":89,"column":22}},"loc":{"start":{"line":89,"column":27},"end":{"line":89,"column":97}},"line":89},"6":{"name":"(anonymous_6)","decl":{"start":{"line":93,"column":21},"end":{"line":93,"column":22}},"loc":{"start":{"line":93,"column":27},"end":{"line":93,"column":39}},"line":93}},"branchMap":{},"s":{"0":2,"1":6,"2":6,"3":6,"4":6,"5":6,"6":6,"7":6,"8":3,"9":3,"10":3,"11":3,"12":3,"13":3,"14":3,"15":3,"16":6,"17":6,"18":1,"19":1,"20":6,"21":1,"22":1,"23":6,"24":3,"25":6,"26":1,"27":1},"f":{"0":6,"1":3,"2":1,"3":1,"4":3,"5":1,"6":1},"b":{},"_coverageSchema":"1a1c01bbd47fc00a2c39e90264f33305004495a9","hash":"275fa40cc72fad47e0c98344f65a39065bd6e022"}
,"/Users/lenka/Documents/Web/Web-technologies/src/utils/api.tsx": {"path":"/Users/lenka/Documents/Web/Web-technologies/src/utils/api.tsx","statementMap":{"0":{"start":{"line":1,"column":19},"end":{"line":1,"column":43}},"1":{"start":{"line":4,"column":16},"end":{"line":4,"column":36}},"2":{"start":{"line":5,"column":44},"end":{"line":7,"column":5}},"3":{"start":{"line":8,"column":4},"end":{"line":10,"column":5}},"4":{"start":{"line":9,"column":8},"end":{"line":9,"column":84}},"5":{"start":{"line":12,"column":4},"end":{"line":25,"column":5}},"6":{"start":{"line":13,"column":25},"end":{"line":17,"column":10}},"7":{"start":{"line":18,"column":8},"end":{"line":20,"column":9}},"8":{"start":{"line":19,"column":12},"end":{"line":19,"column":73}},"9":{"start":{"line":21,"column":21},"end":{"line":21,"column":42}},"10":{"start":{"line":22,"column":8},"end":{"line":22,"column":19}},"11":{"start":{"line":24,"column":8},"end":{"line":24,"column":67}}},"fnMap":{"0":{"name":"fetch_data","decl":{"start":{"line":3,"column":22},"end":{"line":3,"column":32}},"loc":{"start":{"line":3,"column":99},"end":{"line":26,"column":1}},"line":3}},"branchMap":{"0":{"loc":{"start":{"line":3,"column":66},"end":{"line":3,"column":80}},"type":"default-arg","locations":[{"start":{"line":3,"column":76},"end":{"line":3,"column":80}}],"line":3},"1":{"loc":{"start":{"line":3,"column":82},"end":{"line":3,"column":97}},"type":"default-arg","locations":[{"start":{"line":3,"column":93},"end":{"line":3,"column":97}}],"line":3},"2":{"loc":{"start":{"line":8,"column":4},"end":{"line":10,"column":5}},"type":"if","locations":[{"start":{"line":8,"column":4},"end":{"line":10,"column":5}},{"start":{},"end":{}}],"line":8},"3":{"loc":{"start":{"line":16,"column":18},"end":{"line":16,"column":46}},"type":"binary-expr","locations":[{"start":{"line":16,"column":18},"end":{"line":16,"column":22}},{"start":{"line":16,"column":26},"end":{"line":16,"column":46}}],"line":16},"4":{"loc":{"start":{"line":18,"column":8},"end":{"line":20,"column":9}},"type":"if","locations":[{"start":{"line":18,"column":8},"end":{"line":20,"column":9}},{"start":{},"end":{}}],"line":18}},"s":{"0":1,"1":0,"2":0,"3":0,"4":0,"5":0,"6":0,"7":0,"8":0,"9":0,"10":0,"11":0},"f":{"0":0},"b":{"0":[0],"1":[0],"2":[0,0],"3":[0,0],"4":[0,0]},"_coverageSchema":"1a1c01bbd47fc00a2c39e90264f33305004495a9","hash":"d5f46accf7662a4ae494b408e8ec912cb45aece0"}
,"/Users/lenka/Documents/Web/Web-technologies/src/utils/error.tsx": {"path":"/Users/lenka/Documents/Web/Web-technologies/src/utils/error.tsx","statementMap":{"0":{"start":{"line":1,"column":19},"end":{"line":1,"column":43}},"1":{"start":{"line":4,"column":16},"end":{"line":4,"column":36}},"2":{"start":{"line":5,"column":44},"end":{"line":7,"column":5}},"3":{"start":{"line":9,"column":4},"end":{"line":11,"column":5}},"4":{"start":{"line":10,"column":8},"end":{"line":10,"column":84}},"5":{"start":{"line":13,"column":21},"end":{"line":17,"column":6}},"6":{"start":{"line":19,"column":17},"end":{"line":19,"column":38}},"7":{"start":{"line":20,"column":4},"end":{"line":20,"column":15}}},"fnMap":{"0":{"name":"fetch_data_with_error","decl":{"start":{"line":3,"column":22},"end":{"line":3,"column":43}},"loc":{"start":{"line":3,"column":110},"end":{"line":21,"column":1}},"line":3}},"branchMap":{"0":{"loc":{"start":{"line":3,"column":77},"end":{"line":3,"column":91}},"type":"default-arg","locations":[{"start":{"line":3,"column":87},"end":{"line":3,"column":91}}],"line":3},"1":{"loc":{"start":{"line":3,"column":93},"end":{"line":3,"column":108}},"type":"default-arg","locations":[{"start":{"line":3,"column":104},"end":{"line":3,"column":108}}],"line":3},"2":{"loc":{"start":{"line":9,"column":4},"end":{"line":11,"column":5}},"type":"if","locations":[{"start":{"line":9,"column":4},"end":{"line":11,"column":5}},{"start":{},"end":{}}],"line":9},"3":{"loc":{"start":{"line":16,"column":14},"end":{"line":16,"column":42}},"type":"binary-expr","locations":[{"start":{"line":16,"column":14},"end":{"line":16,"column":18}},{"start":{"line":16,"column":22},"end":{"line":16,"column":42}}],"line":16}},"s":{"0":2,"1":0,"2":0,"3":0,"4":0,"5":0,"6":0,"7":0},"f":{"0":0},"b":{"0":[0],"1":[0],"2":[0,0],"3":[0,0]},"_coverageSchema":"1a1c01bbd47fc00a2c39e90264f33305004495a9","hash":"42c1c2c0a0717b81b1e62e583123960170536207"}
}
