TN:
SF:src/App.tsx
FN:11,App
FNF:1
FNH:1
FNDA:1,App
DA:12,1
DA:18,1
LF:2
LH:2
BRF:0
BRH:0
end_of_record
TN:
SF:src/components/auth/Login.tsx
FN:10,(anonymous_0)
FN:16,(anonymous_1)
FN:60,(anonymous_2)
FN:71,(anonymous_3)
FNF:4
FNH:4
FNDA:7,(anonymous_0)
FNDA:3,(anonymous_1)
FNDA:2,(anonymous_2)
FNDA:2,(anonymous_3)
DA:8,2
DA:10,2
DA:11,7
DA:12,7
DA:14,7
DA:16,7
DA:17,3
DA:19,3
DA:20,3
DA:29,2
DA:30,2
DA:31,0
DA:34,1
DA:35,0
DA:38,3
DA:43,7
DA:60,2
DA:71,2
LF:18
LH:16
BRDA:30,0,0,0
BRDA:30,0,1,1
BRF:2
BRH:1
end_of_record
TN:
SF:src/components/auth/Signup.tsx
FN:8,SignUp
FN:22,(anonymous_1)
FN:64,(anonymous_2)
FN:74,(anonymous_3)
FN:84,(anonymous_4)
FN:94,(anonymous_5)
FN:104,(anonymous_6)
FN:114,(anonymous_7)
FN:124,(anonymous_8)
FNF:9
FNH:9
FNDA:10,SignUp
FNDA:3,(anonymous_1)
FNDA:1,(anonymous_2)
FNDA:1,(anonymous_3)
FNDA:1,(anonymous_4)
FNDA:1,(anonymous_5)
FNDA:1,(anonymous_6)
FNDA:1,(anonymous_7)
FNDA:1,(anonymous_8)
DA:9,10
DA:12,10
DA:13,10
DA:14,10
DA:15,10
DA:16,10
DA:17,10
DA:18,10
DA:20,10
DA:22,10
DA:23,3
DA:25,3
DA:26,3
DA:35,3
DA:36,1
DA:39,1
DA:40,1
DA:43,1
DA:48,10
DA:64,1
DA:74,1
DA:84,1
DA:94,1
DA:104,1
DA:114,1
DA:124,1
LF:26
LH:26
BRDA:35,0,0,1
BRDA:35,0,1,1
BRF:2
BRH:2
end_of_record
TN:
SF:src/components/main/CarInstance.tsx
FN:32,(anonymous_0)
FN:37,(anonymous_1)
FNF:2
FNH:2
FNDA:9,(anonymous_0)
FNDA:1,(anonymous_1)
DA:20,3
DA:32,3
DA:33,9
DA:35,9
DA:37,1
LF:5
LH:5
BRF:0
BRH:0
end_of_record
TN:
SF:src/components/main/Cars.tsx
FN:19,(anonymous_0)
FN:23,(anonymous_1)
FN:27,(anonymous_2)
FN:32,(anonymous_3)
FN:38,(anonymous_4)
FN:44,(anonymous_5)
FN:51,(anonymous_6)
FN:54,(anonymous_7)
FN:61,(anonymous_8)
FNF:9
FNH:9
FNDA:11,(anonymous_0)
FNDA:5,(anonymous_1)
FNDA:5,(anonymous_2)
FNDA:1,(anonymous_3)
FNDA:1,(anonymous_4)
FNDA:2,(anonymous_5)
FNDA:1,(anonymous_6)
FNDA:1,(anonymous_7)
FNDA:7,(anonymous_8)
DA:19,3
DA:20,11
DA:23,10
DA:24,5
DA:27,10
DA:28,5
DA:29,5
DA:32,10
DA:33,1
DA:34,1
DA:35,1
DA:38,10
DA:39,1
DA:40,1
DA:41,1
DA:44,10
DA:45,2
DA:48,10
DA:51,1
DA:54,1
DA:62,7
LF:21
LH:21
BRF:0
BRH:0
end_of_record
TN:
SF:src/components/user/EditUser.tsx
FN:8,(anonymous_0)
FN:18,(anonymous_1)
FN:22,(anonymous_2)
FN:26,(anonymous_3)
FN:30,(anonymous_4)
FN:34,(anonymous_5)
FN:38,(anonymous_6)
FN:44,(anonymous_7)
FNF:8
FNH:8
FNDA:16,(anonymous_0)
FNDA:1,(anonymous_1)
FNDA:1,(anonymous_2)
FNDA:1,(anonymous_3)
FNDA:1,(anonymous_4)
FNDA:2,(anonymous_5)
FNDA:1,(anonymous_6)
FNDA:3,(anonymous_7)
DA:8,3
DA:9,16
DA:10,16
DA:11,16
DA:12,16
DA:13,16
DA:14,16
DA:15,16
DA:18,16
DA:19,1
DA:22,16
DA:23,1
DA:26,16
DA:27,1
DA:30,16
DA:31,1
DA:34,16
DA:35,2
DA:38,16
DA:39,1
DA:44,16
DA:45,3
DA:47,3
DA:48,1
DA:49,1
DA:52,2
DA:53,2
DA:61,1
DA:62,0
DA:65,1
DA:68,1
DA:73,16
LF:32
LH:31
BRDA:10,0,0,16
BRDA:10,0,1,0
BRDA:11,1,0,16
BRDA:11,1,1,0
BRDA:12,2,0,16
BRDA:12,2,1,0
BRDA:13,3,0,16
BRDA:13,3,1,0
BRDA:14,4,0,16
BRDA:14,4,1,0
BRDA:15,5,0,16
BRDA:15,5,1,0
BRDA:47,6,0,1
BRDA:47,6,1,2
BRDA:61,7,0,0
BRDA:61,7,1,1
BRF:16
BRH:9
end_of_record
TN:
SF:src/components/user/User.tsx
FN:9,(anonymous_0)
FN:18,(anonymous_1)
FN:32,(anonymous_2)
FN:36,(anonymous_3)
FN:41,(anonymous_4)
FN:89,(anonymous_5)
FN:93,(anonymous_6)
FNF:7
FNH:7
FNDA:6,(anonymous_0)
FNDA:3,(anonymous_1)
FNDA:1,(anonymous_2)
FNDA:1,(anonymous_3)
FNDA:3,(anonymous_4)
FNDA:1,(anonymous_5)
FNDA:1,(anonymous_6)
DA:9,2
DA:10,6
DA:11,6
DA:12,6
DA:13,6
DA:14,6
DA:15,6
DA:18,6
DA:20,3
DA:21,3
DA:22,3
DA:23,3
DA:24,3
DA:25,3
DA:26,3
DA:27,3
DA:30,6
DA:32,6
DA:33,1
DA:34,1
DA:36,6
DA:37,1
DA:38,1
DA:41,6
DA:42,3
DA:45,6
DA:89,1
DA:93,1
LF:28
LH:28
BRF:0
BRH:0
end_of_record
TN:
SF:src/utils/api.tsx
FN:3,fetch_data
FNF:1
FNH:0
FNDA:0,fetch_data
DA:1,1
DA:4,0
DA:5,0
DA:8,0
DA:9,0
DA:12,0
DA:13,0
DA:18,0
DA:19,0
DA:21,0
DA:22,0
DA:24,0
LF:12
LH:1
BRDA:3,0,0,0
BRDA:3,1,0,0
BRDA:8,2,0,0
BRDA:8,2,1,0
BRDA:16,3,0,0
BRDA:16,3,1,0
BRDA:18,4,0,0
BRDA:18,4,1,0
BRF:8
BRH:0
end_of_record
TN:
SF:src/utils/error.tsx
FN:3,fetch_data_with_error
FNF:1
FNH:0
FNDA:0,fetch_data_with_error
DA:1,2
DA:4,0
DA:5,0
DA:9,0
DA:10,0
DA:13,0
DA:19,0
DA:20,0
LF:8
LH:1
BRDA:3,0,0,0
BRDA:3,1,0,0
BRDA:9,2,0,0
BRDA:9,2,1,0
BRDA:16,3,0,0
BRDA:16,3,1,0
BRF:6
BRH:0
end_of_record
